{
  "RSpec": {
    "coverage": {
      "/Users/vadlusk/turing/4module/projects/quantified_self_be/spec/support/config/shoulda-matchers.rb": [
        1,
        1,
        1,
        1,
        null,
        null
      ],
      "/Users/vadlusk/turing/4module/projects/quantified_self_be/spec/support/json_response.rb": [
        1,
        15,
        null
      ],
      "/Users/vadlusk/turing/4module/projects/quantified_self_be/app/models/food.rb": [
        1,
        1,
        1,
        1,
        1,
        null
      ],
      "/Users/vadlusk/turing/4module/projects/quantified_self_be/app/models/application_record.rb": [
        1,
        1,
        null
      ],
      "/Users/vadlusk/turing/4module/projects/quantified_self_be/spec/models/meal_spec.rb": [
        1,
        null,
        1,
        4,
        4,
        4,
        null,
        1,
        1,
        1,
        null,
        1,
        1,
        1,
        null,
        1,
        null,
        null,
        null,
        1,
        2,
        null,
        null
      ],
      "/Users/vadlusk/turing/4module/projects/quantified_self_be/app/models/meal.rb": [
        1,
        1,
        1,
        1,
        null
      ],
      "/Users/vadlusk/turing/4module/projects/quantified_self_be/spec/requests/api/v1/foods/foods_create_request_spec.rb": [
        1,
        null,
        1,
        4,
        4,
        null,
        1,
        1,
        1,
        null,
        1,
        1,
        null,
        null,
        null,
        null,
        1,
        1,
        null,
        null,
        1,
        1,
        1,
        1,
        null,
        1,
        null,
        1,
        1,
        1,
        null,
        1,
        null,
        1,
        1,
        null,
        1,
        null,
        null,
        null
      ],
      "/Users/vadlusk/turing/4module/projects/quantified_self_be/spec/requests/api/v1/foods/foods_delete_request_spec.rb": [
        1,
        null,
        1,
        3,
        1,
        1,
        1,
        null,
        1,
        2,
        null,
        null,
        1,
        1,
        1,
        null,
        1,
        null,
        null,
        null
      ],
      "/Users/vadlusk/turing/4module/projects/quantified_self_be/spec/requests/api/v1/foods/foods_edit_request_spec.rb": [
        1,
        null,
        1,
        7,
        4,
        6,
        null,
        1,
        1,
        1,
        null,
        1,
        null,
        1,
        1,
        null,
        null,
        null,
        null,
        1,
        null,
        1,
        1,
        null,
        1,
        null,
        1,
        1,
        null,
        null,
        null,
        null,
        1,
        null,
        1,
        1,
        1,
        null,
        1,
        null,
        1,
        1,
        null,
        null,
        null,
        null,
        1,
        1,
        null,
        null,
        1,
        1,
        1,
        null,
        1,
        null,
        1,
        1,
        1,
        null,
        1,
        null,
        1,
        1,
        null,
        null,
        null,
        null,
        1,
        1,
        null,
        1,
        1,
        1,
        null,
        1,
        null,
        1,
        null,
        null,
        null
      ],
      "/Users/vadlusk/turing/4module/projects/quantified_self_be/spec/requests/api/v1/foods/foods_read_request_spec.rb": [
        1,
        null,
        1,
        3,
        null,
        1,
        1,
        1,
        null,
        1,
        null,
        1,
        1,
        1,
        20,
        null,
        null,
        null,
        null,
        null,
        null,
        1,
        1,
        null,
        1,
        1,
        null,
        null,
        null,
        null,
        null,
        null,
        1,
        1,
        1,
        1,
        null,
        1,
        null,
        null,
        null,
        null
      ],
      "/Users/vadlusk/turing/4module/projects/quantified_self_be/spec/requests/api/v1/meals/foods/meal_foods_create_request_spec.rb": [
        1,
        null,
        1,
        4,
        4,
        2,
        null,
        1,
        1,
        1,
        null,
        1,
        1,
        null,
        null,
        1,
        1,
        1,
        null,
        1,
        null,
        1,
        1,
        null,
        1,
        null,
        null,
        null
      ],
      "/Users/vadlusk/turing/4module/projects/quantified_self_be/spec/requests/api/v1/meals/foods/meal_foods_delete_request_spec.rb": [
        1,
        null,
        1,
        2,
        null,
        1,
        1,
        1,
        1,
        1,
        null,
        1,
        null,
        1,
        null,
        1,
        1,
        null,
        null,
        null
      ],
      "/Users/vadlusk/turing/4module/projects/quantified_self_be/spec/requests/api/v1/meals/meals_read_request_spec.rb": [
        1,
        null,
        1,
        3,
        1,
        1,
        1,
        null,
        1,
        null,
        1,
        1,
        1,
        20,
        null,
        null,
        null,
        null,
        20,
        null,
        null,
        1,
        1,
        null,
        1,
        1,
        null,
        null,
        null,
        null,
        null,
        null,
        1,
        1,
        1,
        1,
        null,
        1,
        null,
        null,
        null,
        null
      ],
      "/Users/vadlusk/turing/4module/projects/quantified_self_be/app/models/meal_food.rb": [
        1,
        1,
        1,
        null
      ],
      "/Users/vadlusk/turing/4module/projects/quantified_self_be/app/controllers/api/v1/foods_controller.rb": [
        1,
        1,
        null,
        1,
        1,
        null,
        null,
        1,
        1,
        null,
        null,
        1,
        4,
        4,
        1,
        null,
        3,
        null,
        null,
        1,
        5,
        1,
        4,
        3,
        3,
        null,
        1,
        null,
        null,
        null,
        1,
        1,
        null,
        null,
        1,
        null,
        1,
        10,
        null,
        3,
        null,
        null,
        1,
        13,
        null,
        2,
        null,
        null
      ],
      "/Users/vadlusk/turing/4module/projects/quantified_self_be/app/controllers/application_controller.rb": [
        1,
        null
      ],
      "/Users/vadlusk/turing/4module/projects/quantified_self_be/app/serializers/food_serializer.rb": [
        1,
        1,
        null
      ],
      "/Users/vadlusk/turing/4module/projects/quantified_self_be/app/controllers/api/v1/meal_foods_controller.rb": [
        1,
        1,
        null,
        1,
        1,
        1,
        1,
        null,
        null,
        1,
        1,
        1,
        1,
        1,
        null,
        null,
        1,
        null,
        1,
        4,
        null,
        1,
        null,
        null,
        1,
        3,
        null,
        1,
        null,
        null
      ],
      "/Users/vadlusk/turing/4module/projects/quantified_self_be/app/controllers/api/v1/meals_controller.rb": [
        1,
        1,
        null,
        1,
        1,
        null,
        null,
        1,
        1,
        null,
        null,
        1,
        null,
        1,
        2,
        null,
        1,
        null,
        null
      ],
      "/Users/vadlusk/turing/4module/projects/quantified_self_be/app/serializers/meal_serializer.rb": [
        1,
        1,
        null,
        1,
        null
      ]
    },
    "timestamp": 1534420754
  }
}
